This is pdfTeX, Version 3.14159265-2.6-1.40.16 (MiKTeX 2.9) (preloaded format=pdflatex 2016.1.11)  25 FEB 2016 18:17
entering extended mode
**C:/Users/home/Desktop/Sam/comp150-desktop-game/proposal/comp150_agile_proposa
l.tex

(C:/Users/home/Desktop/Sam/comp150-desktop-game/proposal/comp150_agile_proposal
.tex
LaTeX2e <2015/10/01> patch level 2
Babel <3.9m> and hyphenation patterns for 69 languages loaded.
("C:\Program Files (x86)\MiKTeX 2.9\tex\latex\koma-script\scrartcl.cls"
Document Class: scrartcl 2015/10/03 v3.19a KOMA-Script document class (article)

("C:\Program Files (x86)\MiKTeX 2.9\tex\latex\koma-script\scrkbase.sty"
Package: scrkbase 2015/10/03 v3.19a KOMA-Script package (KOMA-Script-dependent 
basics and keyval usage)

("C:\Program Files (x86)\MiKTeX 2.9\tex\latex\koma-script\scrbase.sty"
Package: scrbase 2015/10/03 v3.19a KOMA-Script package (KOMA-Script-independent
 basics and keyval usage)

("C:\Program Files (x86)\MiKTeX 2.9\tex\latex\graphics\keyval.sty"
Package: keyval 2014/10/28 v1.15 key=value parser (DPC)
\KV@toks@=\toks14
)
("C:\Program Files (x86)\MiKTeX 2.9\tex\latex\koma-script\scrlfile.sty"
Package: scrlfile 2015/10/03 v3.19a KOMA-Script package (loading files)

Package scrlfile, 2015/10/03 v3.19a KOMA-Script package (loading files)
                  Copyright (C) Markus Kohm

))) ("C:\Program Files (x86)\MiKTeX 2.9\tex\latex\koma-script\tocbasic.sty"
Package: tocbasic 2015/10/03 v3.19a KOMA-Script package (handling toc-files)
)
Package tocbasic Info: omitting babel extension for `toc'
(tocbasic)             because of feature `nobabel' available
(tocbasic)             for `toc' on input line 123.
Package tocbasic Info: omitting babel extension for `lof'
(tocbasic)             because of feature `nobabel' available
(tocbasic)             for `lof' on input line 124.
Package tocbasic Info: omitting babel extension for `lot'
(tocbasic)             because of feature `nobabel' available
(tocbasic)             for `lot' on input line 125.
Class scrartcl Info: File `scrsize11pt.clo' used instead of
(scrartcl)           file `scrsize11.clo' to setup font sizes on input line 203
3.

("C:\Program Files (x86)\MiKTeX 2.9\tex\latex\koma-script\scrsize11pt.clo"
File: scrsize11pt.clo 2015/10/03 v3.19a KOMA-Script font size class option (11p
t)
)
("C:\Program Files (x86)\MiKTeX 2.9\tex\latex\koma-script\typearea.sty"
Package: typearea 2015/10/03 v3.19a KOMA-Script package (type area)

Package typearea, 2015/10/03 v3.19a KOMA-Script package (type area)
                  Copyright (C) Frank Neukam, 1992-1994
                  Copyright (C) Markus Kohm, 1994-

\ta@bcor=\skip41
\ta@div=\count79
\ta@hblk=\skip42
\ta@vblk=\skip43
\ta@temp=\skip44
\footheight=\skip45
Package typearea Info: These are the values describing the layout:
(typearea)             DIV  = 10
(typearea)             BCOR = 0.0pt
(typearea)             \paperwidth      = 597.50793pt
(typearea)              \textwidth      = 418.25555pt
(typearea)              DIV departure   = -6%
(typearea)              \evensidemargin = 17.3562pt
(typearea)              \oddsidemargin  = 17.3562pt
(typearea)             \paperheight     = 845.04694pt
(typearea)              \textheight     = 595.80026pt
(typearea)              \topmargin      = -25.16531pt
(typearea)              \headheight     = 17.0pt
(typearea)              \headsep        = 20.40001pt
(typearea)              \topskip        = 11.0pt
(typearea)              \footskip       = 47.6pt
(typearea)              \baselineskip   = 13.6pt
(typearea)              on input line 1509.
)
\c@part=\count80
\c@section=\count81
\c@subsection=\count82
\c@subsubsection=\count83
\c@paragraph=\count84
\c@subparagraph=\count85
LaTeX Info: Redefining \textsubscript on input line 3906.
\abovecaptionskip=\skip46
\belowcaptionskip=\skip47
\c@pti@nb@sid@b@x=\box26
\c@figure=\count86
\c@table=\count87
\bibindent=\dimen102
) ("C:\Program Files (x86)\MiKTeX 2.9\tex\latex\hyperref\hyperref.sty"
Package: hyperref 2012/11/06 v6.83m Hypertext links for LaTeX

("C:\Program Files (x86)\MiKTeX 2.9\tex\generic\oberdiek\hobsub-hyperref.sty"
Package: hobsub-hyperref 2012/04/25 v1.12 Bundle oberdiek, subset hyperref (HO)


("C:\Program Files (x86)\MiKTeX 2.9\tex\generic\oberdiek\hobsub-generic.sty"
Package: hobsub-generic 2012/04/25 v1.12 Bundle oberdiek, subset generic (HO)
Package: hobsub 2012/04/25 v1.12 Construct package bundles (HO)
Package: infwarerr 2010/04/08 v1.3 Providing info/warning/error messages (HO)
Package: ltxcmds 2011/11/09 v1.22 LaTeX kernel commands for general use (HO)
Package: ifluatex 2010/03/01 v1.3 Provides the ifluatex switch (HO)
Package ifluatex Info: LuaTeX not detected.
Package: ifvtex 2010/03/01 v1.5 Detect VTeX and its facilities (HO)
Package ifvtex Info: VTeX not detected.
Package: intcalc 2007/09/27 v1.1 Expandable calculations with integers (HO)
Package: ifpdf 2011/01/30 v2.3 Provides the ifpdf switch (HO)
Package ifpdf Info: pdfTeX in PDF mode is detected.
Package: etexcmds 2011/02/16 v1.5 Avoid name clashes with e-TeX commands (HO)
Package etexcmds Info: Could not find \expanded.
(etexcmds)             That can mean that you are not using pdfTeX 1.50 or
(etexcmds)             that some package has redefined \expanded.
(etexcmds)             In the latter case, load this package earlier.
Package: kvsetkeys 2012/04/25 v1.16 Key value parser (HO)
Package: kvdefinekeys 2011/04/07 v1.3 Define keys (HO)
Package: pdftexcmds 2011/11/29 v0.20 Utility functions of pdfTeX for LuaTeX (HO
)
Package pdftexcmds Info: LuaTeX not detected.
Package pdftexcmds Info: \pdf@primitive is available.
Package pdftexcmds Info: \pdf@ifprimitive is available.
Package pdftexcmds Info: \pdfdraftmode found.
Package: pdfescape 2011/11/25 v1.13 Implements pdfTeX's escape features (HO)
Package: bigintcalc 2012/04/08 v1.3 Expandable calculations on big integers (HO
)
Package: bitset 2011/01/30 v1.1 Handle bit-vector datatype (HO)
Package: uniquecounter 2011/01/30 v1.2 Provide unlimited unique counter (HO)
)
Package hobsub Info: Skipping package `hobsub' (already loaded).
Package: letltxmacro 2010/09/02 v1.4 Let assignment for LaTeX macros (HO)
Package: hopatch 2011/06/24 v1.1 Wrapper for package hooks (HO)
Package: xcolor-patch 2011/01/30 xcolor patch
Package: atveryend 2011/06/30 v1.8 Hooks at the very end of document (HO)
Package atveryend Info: \enddocument detected (standard20110627).
Package: atbegshi 2011/10/05 v1.16 At begin shipout hook (HO)
Package: refcount 2011/10/16 v3.4 Data extraction from label references (HO)
Package: hycolor 2011/01/30 v1.7 Color options for hyperref/bookmark (HO)
)
("C:\Program Files (x86)\MiKTeX 2.9\tex\generic\ifxetex\ifxetex.sty"
Package: ifxetex 2010/09/12 v0.6 Provides ifxetex conditional
)
("C:\Program Files (x86)\MiKTeX 2.9\tex\latex\oberdiek\auxhook.sty"
Package: auxhook 2011/03/04 v1.3 Hooks for auxiliary files (HO)
)
("C:\Program Files (x86)\MiKTeX 2.9\tex\latex\oberdiek\kvoptions.sty"
Package: kvoptions 2011/06/30 v3.11 Key value format for package options (HO)
)
\@linkdim=\dimen103
\Hy@linkcounter=\count88
\Hy@pagecounter=\count89

("C:\Program Files (x86)\MiKTeX 2.9\tex\latex\hyperref\pd1enc.def"
File: pd1enc.def 2012/11/06 v6.83m Hyperref: PDFDocEncoding definition (HO)
)
\Hy@SavedSpaceFactor=\count90

("C:\Program Files (x86)\MiKTeX 2.9\tex\latex\00miktex\hyperref.cfg"
File: hyperref.cfg 2002/06/06 v1.2 hyperref configuration of TeXLive
)
Package hyperref Info: Hyper figures OFF on input line 4443.
Package hyperref Info: Link nesting OFF on input line 4448.
Package hyperref Info: Hyper index ON on input line 4451.
Package hyperref Info: Plain pages OFF on input line 4458.
Package hyperref Info: Backreferencing OFF on input line 4463.
Package hyperref Info: Implicit mode ON; LaTeX internals redefined.
Package hyperref Info: Bookmarks ON on input line 4688.
\c@Hy@tempcnt=\count91

("C:\Program Files (x86)\MiKTeX 2.9\tex\latex\url\url.sty"
\Urlmuskip=\muskip10
Package: url 2013/09/16  ver 3.4  Verb mode for urls, etc.
)
LaTeX Info: Redefining \url on input line 5041.
\XeTeXLinkMargin=\dimen104
\Fld@menulength=\count92
\Field@Width=\dimen105
\Fld@charsize=\dimen106
Package hyperref Info: Hyper figures OFF on input line 6295.
Package hyperref Info: Link nesting OFF on input line 6300.
Package hyperref Info: Hyper index ON on input line 6303.
Package hyperref Info: backreferencing OFF on input line 6310.
Package hyperref Info: Link coloring OFF on input line 6315.
Package hyperref Info: Link coloring with OCG OFF on input line 6320.
Package hyperref Info: PDF/A mode OFF on input line 6325.
LaTeX Info: Redefining \ref on input line 6365.
LaTeX Info: Redefining \pageref on input line 6369.
\Hy@abspage=\count93
\c@Item=\count94
\c@Hfootnote=\count95
)

Package hyperref Message: Driver (autodetected): hpdftex.

("C:\Program Files (x86)\MiKTeX 2.9\tex\latex\hyperref\hpdftex.def"
File: hpdftex.def 2012/11/06 v6.83m Hyperref driver for pdfTeX
\Fld@listcount=\count96
\c@bookmark@seq@number=\count97

("C:\Program Files (x86)\MiKTeX 2.9\tex\latex\oberdiek\rerunfilecheck.sty"
Package: rerunfilecheck 2011/04/15 v1.7 Rerun checks for auxiliary files (HO)
Package uniquecounter Info: New unique counter `rerunfilecheck' on input line 2
82.
)
\Hy@SectionHShift=\skip48
)
("C:\Program Files (x86)\MiKTeX 2.9\tex\latex\hyphenat\hyphenat.sty"
Package: hyphenat 2009/09/02 v2.3c hyphenation utilities
\langwohyphens=\language70
LaTeX Info: Redefining \_ on input line 43.
)
(comp150_agile_proposal.aux)
\openout1 = `comp150_agile_proposal.aux'.

LaTeX Font Info:    Checking defaults for OML/cmm/m/it on input line 11.
LaTeX Font Info:    ... okay on input line 11.
LaTeX Font Info:    Checking defaults for T1/cmr/m/n on input line 11.
LaTeX Font Info:    ... okay on input line 11.
LaTeX Font Info:    Checking defaults for OT1/cmr/m/n on input line 11.
LaTeX Font Info:    ... okay on input line 11.
LaTeX Font Info:    Checking defaults for OMS/cmsy/m/n on input line 11.
LaTeX Font Info:    ... okay on input line 11.
LaTeX Font Info:    Checking defaults for OMX/cmex/m/n on input line 11.
LaTeX Font Info:    ... okay on input line 11.
LaTeX Font Info:    Checking defaults for U/cmr/m/n on input line 11.
LaTeX Font Info:    ... okay on input line 11.
LaTeX Font Info:    Checking defaults for PD1/pdf/m/n on input line 11.
LaTeX Font Info:    ... okay on input line 11.
\AtBeginShipoutBox=\box27
Package hyperref Info: Link coloring OFF on input line 11.

("C:\Program Files (x86)\MiKTeX 2.9\tex\latex\hyperref\nameref.sty"
Package: nameref 2012/10/27 v2.43 Cross-referencing by name of section

("C:\Program Files (x86)\MiKTeX 2.9\tex\generic\oberdiek\gettitlestring.sty"
Package: gettitlestring 2010/12/03 v1.4 Cleanup title references (HO)
)
\c@section@level=\count98
)
LaTeX Info: Redefining \ref on input line 11.
LaTeX Info: Redefining \pageref on input line 11.
LaTeX Info: Redefining \nameref on input line 11.

(comp150_agile_proposal.out) (comp150_agile_proposal.out)
\@outlinefile=\write3
\openout3 = `comp150_agile_proposal.out'.

LaTeX Font Info:    External font `cmex10' loaded for size
(Font)              <14.4> on input line 14.
LaTeX Font Info:    External font `cmex10' loaded for size
(Font)              <7> on input line 14.

Overfull \hbox (13.31697pt too wide) in paragraph at lines 22--23
\OT1/cmr/m/n/10.95 pairs. The re-sults of these stud-ies pro-vide sup-port for 
im-ple-ment-ing pair pro-gram-ming
 []

[1


{C:/Users/home/AppData/Local/MiKTeX/2.9/pdftex/config/pdftex.map}]
LaTeX Font Info:    External font `cmex10' loaded for size
(Font)              <10.95> on input line 23.
LaTeX Font Info:    External font `cmex10' loaded for size
(Font)              <8> on input line 23.
LaTeX Font Info:    External font `cmex10' loaded for size
(Font)              <6> on input line 23.

Overfull \hbox (8.57767pt too wide) in paragraph at lines 23--24
[][]$\OT1/cmtt/m/n/10.95 http : / / dl . acm . org . ezproxy . falmouth . ac . 
uk / citation . cfm ? id = 1953346 &$
 []


Overfull \hbox (16.3341pt too wide) in paragraph at lines 24--25
[][]$\OT1/cmtt/m/n/10.95 http : / / delivery . acm . org . ezproxy . falmouth .
 ac . uk / 10 . 1145 / 1960000 /$
 []


Overfull \hbox (46.51978pt too wide) in paragraph at lines 24--25
$\OT1/cmtt/m/n/10.95 1953346 / p655-[]radermacher . pdf ? ip = 193 . 61 . 64 . 
8 & id = 1953346 & acc = ACTIVE % 20SERVICE &$
 []


Overfull \hbox (23.02502pt too wide) in paragraph at lines 24--25
$\OT1/cmtt/m/n/10.95 key = 223837E73163AEDA . EAA225A8AB01C582 . 4D4702B0C3E38B
35 . 4D4702B0C3E38B35 &$
 []


Overfull \hbox (86.26059pt too wide) in paragraph at lines 24--25
$\OT1/cmtt/m/n/10.95 CFID = 586259388 & CFTOKEN = 83800710 & _ _ acm _ _ = 1456
422682 _ bce244ad7b80ef506bbd9073ce20b79d$[] 
 []


Overfull \hbox (11.10666pt too wide) in paragraph at lines 32--33
\OT1/cmr/m/n/10.95 how of-ten de-vel-op-ers prac-tice pair pro-gram-ming as op-
posed to work-ing by them-selves,
 []


Overfull \hbox (8.57767pt too wide) in paragraph at lines 33--34
[][]$\OT1/cmtt/m/n/10.95 http : / / dl . acm . org . ezproxy . falmouth . ac . 
uk / citation . cfm ? id = 2663664 &$
 []


Overfull \hbox (16.3341pt too wide) in paragraph at lines 34--35
[][]$\OT1/cmtt/m/n/10.95 http : / / delivery . acm . org . ezproxy . falmouth .
 ac . uk / 10 . 1145 / 2670000 /$
 []


Overfull \hbox (17.77634pt too wide) in paragraph at lines 34--35
$\OT1/cmtt/m/n/10.95 2663664 / p123-[]plonka . pdf ? ip = 193 . 61 . 64 . 8 & i
d = 2663664 & acc = ACTIVE % 20SERVICE &$
 []


Overfull \hbox (23.02502pt too wide) in paragraph at lines 34--35
$\OT1/cmtt/m/n/10.95 key = 223837E73163AEDA . EAA225A8AB01C582 . 4D4702B0C3E38B
35 . 4D4702B0C3E38B35 &$
 []


Overfull \hbox (86.26059pt too wide) in paragraph at lines 34--35
$\OT1/cmtt/m/n/10.95 CFID = 586259388 & CFTOKEN = 83800710 & _ _ acm _ _ = 1456
423115 _ d1fd0f2feac74e94e7a7c749b148165f$[] 
 []


Overfull \hbox (35.16025pt too wide) in paragraph at lines 42--43
[]\OT1/cmr/m/n/10.95 ``Pair Pro-gram-ming is an in-no-va-tive col-lab-o-ra-tive
 soft-ware de-vel-op-ment method-ol-ogy.
 []


Overfull \hbox (2.16417pt too wide) in paragraph at lines 42--43
\OT1/cmr/m/n/10.95 dif-fer-ences, and specif-i-cally task con-flict, im-pact re
-sults of the col-lab-o-ra-tive soft-ware
 []

[2]
Overfull \hbox (2.82898pt too wide) in paragraph at lines 43--44
[][]$\OT1/cmtt/m/n/10.95 http : / / dl . acm . org . ezproxy . falmouth . ac . 
uk / citation . cfm ? id = 761856 &$
 []


Overfull \hbox (10.58542pt too wide) in paragraph at lines 44--45
[][]$\OT1/cmtt/m/n/10.95 http : / / delivery . acm . org . ezproxy . falmouth .
 ac . uk / 10 . 1145 / 770000 /$
 []


Overfull \hbox (0.53027pt too wide) in paragraph at lines 44--45
$\OT1/cmtt/m/n/10.95 761856 / p44-[]domino . pdf ? ip = 193 . 61 . 64 . 8 & id 
= 761856 & acc = ACTIVE % 20SERVICE &$
 []


Overfull \hbox (23.02502pt too wide) in paragraph at lines 44--45
$\OT1/cmtt/m/n/10.95 key = 223837E73163AEDA . EAA225A8AB01C582 . 4D4702B0C3E38B
35 . 4D4702B0C3E38B35 &$
 []


Overfull \hbox (86.26059pt too wide) in paragraph at lines 44--45
$\OT1/cmtt/m/n/10.95 CFID = 586259388 & CFTOKEN = 83800710 & _ _ acm _ _ = 1456
423292 _ aab70ee3b23103c23af12027317b43b4$[] 
 []


Overfull \hbox (8.57767pt too wide) in paragraph at lines 53--54
[][]$\OT1/cmtt/m/n/10.95 http : / / dl . acm . org . ezproxy . falmouth . ac . 
uk / citation . cfm ? id = 1370151 &$
 []


Overfull \hbox (16.3341pt too wide) in paragraph at lines 54--55
[][]$\OT1/cmtt/m/n/10.95 http : / / delivery . acm . org . ezproxy . falmouth .
 ac . uk / 10 . 1145 / 1380000 /$
 []


Overfull \hbox (6.27896pt too wide) in paragraph at lines 54--55
$\OT1/cmtt/m/n/10.95 1370151 / p37-[]hofer . pdf ? ip = 193 . 61 . 64 . 8 & id 
= 1370151 & acc = ACTIVE % 20SERVICE &$
 []


Overfull \hbox (23.02502pt too wide) in paragraph at lines 54--55
$\OT1/cmtt/m/n/10.95 key = 223837E73163AEDA . EAA225A8AB01C582 . 4D4702B0C3E38B
35 . 4D4702B0C3E38B35 &$
 []


Overfull \hbox (86.26059pt too wide) in paragraph at lines 54--55
$\OT1/cmtt/m/n/10.95 CFID = 586259388 & CFTOKEN = 83800710 & _ _ acm _ _ = 1456
423538 _ 0ba82dec4b8d6fb20b64accc6a488d0f$[] 
 []

[3]
Overfull \hbox (11.71504pt too wide) in paragraph at lines 62--63
\OT1/cmr/m/n/10.95 com-mon-place in in-dus-try, they have yet to be fully em-br
aced by aca-demic in-sti-tu-tions.
 []


Overfull \hbox (8.57767pt too wide) in paragraph at lines 63--64
[][]$\OT1/cmtt/m/n/10.95 http : / / dl . acm . org . ezproxy . falmouth . ac . 
uk / citation . cfm ? id = 1181927 &$
 []


Overfull \hbox (16.3341pt too wide) in paragraph at lines 64--65
[][]$\OT1/cmtt/m/n/10.95 http : / / delivery . acm . org . ezproxy . falmouth .
 ac . uk / 10 . 1145 / 1190000 /$
 []


Overfull \hbox (92.50928pt too wide) in paragraph at lines 64--65
$\OT1/cmtt/m/n/10.95 1181927 / p145-[]sherrell . pdf ? ip = 193 . 61 . 64 . 8 &
 id = 1181927 & acc = PUBLIC & key = 223837E73163AEDA .$
 []


Overfull \hbox (34.5224pt too wide) in paragraph at lines 64--65
$\OT1/cmtt/m/n/10.95 EAA225A8AB01C582 . 4D4702B0C3E38B35 . 4D4702B0C3E38B35 & C
FID = 586259388 & CFTOKEN =$
 []


Overfull \hbox (12.6976pt too wide) in paragraph at lines 65--66
[]\OT1/cmr/m/n/10.95 This pa-per dis-cusses the use of ag-ile pair pro-gram-min
g in aca-demic in-sti-tu-tions
 []

[4]
Overfull \hbox (8.57767pt too wide) in paragraph at lines 73--74
[][]$\OT1/cmtt/m/n/10.95 http : / / dl . acm . org . ezproxy . falmouth . ac . 
uk / citation . cfm ? id = 1062545 &$
 []


Overfull \hbox (16.3341pt too wide) in paragraph at lines 74--75
[][]$\OT1/cmtt/m/n/10.95 http : / / delivery . acm . org . ezproxy . falmouth .
 ac . uk / 10 . 1145 / 1070000 /$
 []


Overfull \hbox (17.77634pt too wide) in paragraph at lines 74--75
$\OT1/cmtt/m/n/10.95 1062545 / p495-[]hulkko . pdf ? ip = 193 . 61 . 64 . 8 & i
d = 1062545 & acc = ACTIVE % 20SERVICE &$
 []


Overfull \hbox (23.02502pt too wide) in paragraph at lines 74--75
$\OT1/cmtt/m/n/10.95 key = 223837E73163AEDA . EAA225A8AB01C582 . 4D4702B0C3E38B
35 . 4D4702B0C3E38B35 &$
 []


Overfull \hbox (86.26059pt too wide) in paragraph at lines 74--75
$\OT1/cmtt/m/n/10.95 CFID = 586259388 & CFTOKEN = 83800710 & _ _ acm _ _ = 1456
423956 _ 3d7b5f1882cc9f024234f2e111ed2558$[] 
 []

(comp150_agile_proposal.bbl [5])
Package atveryend Info: Empty hook `BeforeClearDocument' on input line 81.
 [6]
Package atveryend Info: Empty hook `AfterLastShipout' on input line 81.
 (comp150_agile_proposal.aux)
Package atveryend Info: Executing hook `AtVeryEndDocument' on input line 81.
Package atveryend Info: Executing hook `AtEndAfterFileList' on input line 81.
Package rerunfilecheck Info: File `comp150_agile_proposal.out' has not changed.

(rerunfilecheck)             Checksum: D41D8CD98F00B204E9800998ECF8427E;0.
Package atveryend Info: Empty hook `AtVeryVeryEnd' on input line 81.
 ) 
Here is how much of TeX's memory you used:
 5804 strings out of 493634
 92658 string characters out of 3141317
 241680 words of memory out of 3000000
 9165 multiletter control sequences out of 15000+200000
 9287 words of font info for 33 fonts, out of 3000000 for 9000
 1025 hyphenation exceptions out of 8191
 41i,6n,46p,1228b,443s stack positions out of 5000i,500n,10000p,200000b,50000s
<C:/Program Files (x86)/MiKTeX 2.9/fonts/type1/public/amsfonts/cm/cmr10.pfb><
C:/Program Files (x86)/MiKTeX 2.9/fonts/type1/public/amsfonts/cm/cmr12.pfb><C:/
Program Files (x86)/MiKTeX 2.9/fonts/type1/public/amsfonts/cm/cmssbx10.pfb><C:/
Program Files (x86)/MiKTeX 2.9/fonts/type1/public/amsfonts/cm/cmti10.pfb><C:/Pr
ogram Files (x86)/MiKTeX 2.9/fonts/type1/public/amsfonts/cm/cmtt10.pfb>
Output written on comp150_agile_proposal.pdf (6 pages, 125831 bytes).
PDF statistics:
 121 PDF objects out of 1000 (max. 8388607)
 21 named destinations out of 1000 (max. 500000)
 1 words of extra memory for PDF output out of 10000 (max. 10000000)

